<?xml version="1.0" encoding="UTF-8"?>
<testsuites name="E2E Demo Shop tests" tests="2" failures="0" errors="0" time="1.647">
  <testsuite name="Authentication tests" errors="0" failures="0" skipped="0" timestamp="2020-10-28T21:34:02" time="1.202" tests="1">
    <testcase classname="Authentication tests Normal user can login" name="Authentication tests Normal user can login" time="0.144">
    </testcase>
  </testsuite>
  <testsuite name="Checkout tests" errors="0" failures="0" skipped="0" timestamp="2020-10-28T21:34:03" time="0.368" tests="1">
    <testcase classname="Checkout tests Guest can add a product to cart" name="Checkout tests Guest can add a product to cart" time="0.084">
    </testcase>
  </testsuite>
</testsuites>